64
0 L 0 992 1
0 D 504 992 1
1 L 0 659 1
1 D 172 659 1
2 L 0 233 1
2 D 233 233 1
3 L 0 452 1
3 D 216 452 1
4 L 0 741 1
4 L 0 954 1
4 D 677 741 1
4 D 677 954 1
5 L 0 558 1
5 D 175 558 1
6 L 0 512 1
6 L 0 967 1
6 D 455 512 1
6 D 455 967 1
7 L 0 759 1
7 D 371 759 1
8 L 0 439 1
8 L 0 769 1
8 D 213 439 1
8 D 213 769 1
9 L 0 684 1
9 D 231 684 1
10 L 0 109 1
10 L 0 623 1
10 L 0 918 1
10 D 634 109 1
10 D 634 623 1
10 D 634 918 1
11 L 0 789 1
11 L 0 384 1
11 D 681 789 1
11 D 681 384 1
12 L 0 466 1
12 L 0 575 1
12 D 139 466 1
12 D 139 575 1
13 L 0 404 1
13 D 124 404 1
14 L 0 382 1
14 D 559 382 1
15 L 0 615 1
15 D 706 615 1
16 L 0 910 1
16 D 799 910 1
17 L 0 158 1
17 L 0 432 1
17 D 149 158 1
17 D 149 432 1
18 L 0 227 1
18 L 0 434 1
18 D 273 227 1
18 D 273 434 1
19 L 0 456 1
19 L 0 751 1
19 D 262 456 1
19 D 262 751 1
3 L 0 372 1
3 L 0 870 1
3 D 631 372 1
3 D 631 870 1
